Jun 08, 2016 6:16:43 PM org.apache.catalina.core.ApplicationContext log
INFO: ContextListener: contextInitialized()
Jun 08, 2016 6:16:43 PM org.apache.catalina.core.ApplicationContext log
INFO: SessionListener: contextInitialized()
Jun 08, 2016 6:16:44 PM org.apache.catalina.core.ApplicationContext log
INFO: SessionListener: contextDestroyed()
Jun 08, 2016 6:16:44 PM org.apache.catalina.core.ApplicationContext log
INFO: ContextListener: contextDestroyed()
Jun 08, 2016 6:17:08 PM org.apache.catalina.core.ApplicationContext log
INFO: ContextListener: contextInitialized()
Jun 08, 2016 6:17:08 PM org.apache.catalina.core.ApplicationContext log
INFO: SessionListener: contextInitialized()
Jun 08, 2016 6:17:10 PM org.apache.catalina.core.ApplicationContext log
INFO: SessionListener: contextDestroyed()
Jun 08, 2016 6:17:10 PM org.apache.catalina.core.ApplicationContext log
INFO: ContextListener: contextDestroyed()
Jun 08, 2016 6:17:43 PM org.apache.catalina.core.ApplicationContext log
INFO: ContextListener: contextInitialized()
Jun 08, 2016 6:17:43 PM org.apache.catalina.core.ApplicationContext log
INFO: SessionListener: contextInitialized()
Jun 08, 2016 6:17:44 PM org.apache.catalina.core.ApplicationContext log
INFO: SessionListener: contextDestroyed()
Jun 08, 2016 6:17:44 PM org.apache.catalina.core.ApplicationContext log
INFO: ContextListener: contextDestroyed()
Jun 08, 2016 6:18:35 PM org.apache.catalina.core.ApplicationContext log
INFO: ContextListener: contextInitialized()
Jun 08, 2016 6:18:35 PM org.apache.catalina.core.ApplicationContext log
INFO: SessionListener: contextInitialized()
Jun 08, 2016 6:32:37 PM org.apache.catalina.core.ApplicationContext log
INFO: ContextListener: contextInitialized()
Jun 08, 2016 6:32:37 PM org.apache.catalina.core.ApplicationContext log
INFO: SessionListener: contextInitialized()
